This file contains any messages produced by compilers while
running configure, to aid debugging if configure makes a mistake.

It was created by rchip configure 0.1.5.0, which was
generated by GNU Autoconf 2.67.  Invocation command line was

  $ ./configure --enable-banshee

## --------- ##
## Platform. ##
## --------- ##

hostname = Tomoya
uname -m = i686
uname -r = 2.6.38-5-generic
uname -s = Linux
uname -v = #32-Ubuntu SMP Tue Feb 22 16:09:46 UTC 2011

/usr/bin/uname -p = unknown
/bin/uname -X     = unknown

/bin/arch              = unknown
/usr/bin/arch -k       = unknown
/usr/convex/getsysinfo = unknown
/usr/bin/hostinfo      = unknown
/bin/machine           = unknown
/usr/bin/oslevel       = unknown
/bin/universe          = unknown

PATH: /usr/local/sbin
PATH: /usr/local/bin
PATH: /usr/sbin
PATH: /usr/bin
PATH: /sbin
PATH: /bin
PATH: /usr/games
PATH: /home/gigaroc/myBin/
PATH: /home/gigaroc/myBin


## ----------- ##
## Core tests. ##
## ----------- ##

configure:2467: checking for a BSD-compatible install
configure:2535: result: /usr/bin/install -c
configure:2546: checking whether build environment is sane
configure:2596: result: yes
configure:2737: checking for a thread-safe mkdir -p
configure:2776: result: /bin/mkdir -p
configure:2789: checking for gawk
configure:2805: found /usr/bin/gawk
configure:2816: result: gawk
configure:2827: checking whether make sets $(MAKE)
configure:2849: result: yes
configure:2979: checking for gcc
configure:2995: found /usr/bin/gcc
configure:3006: result: gcc
configure:3235: checking for C compiler version
configure:3244: gcc --version >&5
gcc (Ubuntu/Linaro 4.5.2-3ubuntu3) 4.5.2
Copyright (C) 2010 Free Software Foundation, Inc.
This is free software; see the source for copying conditions.  There is NO
warranty; not even for MERCHANTABILITY or FITNESS FOR A PARTICULAR PURPOSE.

configure:3255: $? = 0
configure:3244: gcc -v >&5
Using built-in specs.
COLLECT_GCC=gcc
COLLECT_LTO_WRAPPER=/usr/lib/gcc/i686-linux-gnu/4.5.2/lto-wrapper
Target: i686-linux-gnu
Configured with: ../src/configure -v --with-pkgversion='Ubuntu/Linaro 4.5.2-3ubuntu3' --with-bugurl=file:///usr/share/doc/gcc-4.5/README.Bugs --enable-languages=c,c++,fortran,objc,obj-c++ --prefix=/usr --program-suffix=-4.5 --enable-shared --enable-multiarch --enable-linker-build-id --with-system-zlib --libexecdir=/usr/lib --without-included-gettext --enable-threads=posix --with-gxx-include-dir=/usr/include/c++/4.5 --libdir=/usr/lib --enable-nls --with-sysroot=/ --enable-clocale=gnu --enable-libstdcxx-debug --enable-libstdcxx-time=yes --enable-plugin --enable-gold --enable-ld=default --with-plugin-ld=ld.gold --enable-objc-gc --enable-targets=all --disable-werror --with-arch-32=i686 --with-tune=generic --enable-checking=release --build=i686-linux-gnu --host=i686-linux-gnu --target=i686-linux-gnu
Thread model: posix
gcc version 4.5.2 (Ubuntu/Linaro 4.5.2-3ubuntu3) 
configure:3255: $? = 0
configure:3244: gcc -V >&5
gcc: '-V' option must have argument
configure:3255: $? = 1
configure:3244: gcc -qversion >&5
gcc: unrecognized option '-qversion'
gcc: no input files
configure:3255: $? = 1
configure:3275: checking whether the C compiler works
configure:3297: gcc    conftest.c  >&5
configure:3301: $? = 0
configure:3349: result: yes
configure:3352: checking for C compiler default output file name
configure:3354: result: a.out
configure:3360: checking for suffix of executables
configure:3367: gcc -o conftest    conftest.c  >&5
configure:3371: $? = 0
configure:3393: result: 
configure:3415: checking whether we are cross compiling
configure:3423: gcc -o conftest    conftest.c  >&5
configure:3427: $? = 0
configure:3434: ./conftest
configure:3438: $? = 0
configure:3453: result: no
configure:3458: checking for suffix of object files
configure:3480: gcc -c   conftest.c >&5
configure:3484: $? = 0
configure:3505: result: o
configure:3509: checking whether we are using the GNU C compiler
configure:3528: gcc -c   conftest.c >&5
configure:3528: $? = 0
configure:3537: result: yes
configure:3546: checking whether gcc accepts -g
configure:3566: gcc -c -g  conftest.c >&5
configure:3566: $? = 0
configure:3607: result: yes
configure:3624: checking for gcc option to accept ISO C89
configure:3688: gcc  -c -g -O2  conftest.c >&5
configure:3688: $? = 0
configure:3701: result: none needed
configure:3732: checking for style of include used by make
configure:3760: result: GNU
configure:3785: checking dependency style of gcc
configure:3895: result: gcc3
configure:3916: checking how to run the C preprocessor
configure:3947: gcc -E  conftest.c
configure:3947: $? = 0
configure:3961: gcc -E  conftest.c
conftest.c:11:28: fatal error: ac_nonexistent.h: No such file or directory
compilation terminated.
configure:3961: $? = 1
configure: failed program was:
| /* confdefs.h */
| #define PACKAGE_NAME "rchip"
| #define PACKAGE_TARNAME "rchip"
| #define PACKAGE_VERSION "0.1.5.0"
| #define PACKAGE_STRING "rchip 0.1.5.0"
| #define PACKAGE_BUGREPORT "kevin@nosideracing.com"
| #define PACKAGE_URL ""
| #define PACKAGE "rchip"
| #define VERSION "0.1.5.0"
| /* end confdefs.h.  */
| #include <ac_nonexistent.h>
configure:3986: result: gcc -E
configure:4006: gcc -E  conftest.c
configure:4006: $? = 0
configure:4020: gcc -E  conftest.c
conftest.c:11:28: fatal error: ac_nonexistent.h: No such file or directory
compilation terminated.
configure:4020: $? = 1
configure: failed program was:
| /* confdefs.h */
| #define PACKAGE_NAME "rchip"
| #define PACKAGE_TARNAME "rchip"
| #define PACKAGE_VERSION "0.1.5.0"
| #define PACKAGE_STRING "rchip 0.1.5.0"
| #define PACKAGE_BUGREPORT "kevin@nosideracing.com"
| #define PACKAGE_URL ""
| #define PACKAGE "rchip"
| #define VERSION "0.1.5.0"
| /* end confdefs.h.  */
| #include <ac_nonexistent.h>
configure:4049: checking for grep that handles long lines and -e
configure:4107: result: /bin/grep
configure:4112: checking for egrep
configure:4174: result: /bin/grep -E
configure:4179: checking for ANSI C header files
configure:4199: gcc -c -g -O2  conftest.c >&5
configure:4199: $? = 0
configure:4272: gcc -o conftest -g -O2   conftest.c  >&5
configure:4272: $? = 0
configure:4272: ./conftest
configure:4272: $? = 0
configure:4283: result: yes
configure:4291: checking for library containing strerror
configure:4322: gcc -o conftest -g -O2   conftest.c  >&5
configure:4322: $? = 0
configure:4339: result: none required
configure:4352: checking for sys/types.h
configure:4352: gcc -c -g -O2  conftest.c >&5
configure:4352: $? = 0
configure:4352: result: yes
configure:4352: checking for sys/stat.h
configure:4352: gcc -c -g -O2  conftest.c >&5
configure:4352: $? = 0
configure:4352: result: yes
configure:4352: checking for stdlib.h
configure:4352: gcc -c -g -O2  conftest.c >&5
configure:4352: $? = 0
configure:4352: result: yes
configure:4352: checking for string.h
configure:4352: gcc -c -g -O2  conftest.c >&5
configure:4352: $? = 0
configure:4352: result: yes
configure:4352: checking for memory.h
configure:4352: gcc -c -g -O2  conftest.c >&5
configure:4352: $? = 0
configure:4352: result: yes
configure:4352: checking for strings.h
configure:4352: gcc -c -g -O2  conftest.c >&5
configure:4352: $? = 0
configure:4352: result: yes
configure:4352: checking for inttypes.h
configure:4352: gcc -c -g -O2  conftest.c >&5
configure:4352: $? = 0
configure:4352: result: yes
configure:4352: checking for stdint.h
configure:4352: gcc -c -g -O2  conftest.c >&5
configure:4352: $? = 0
configure:4352: result: yes
configure:4352: checking for unistd.h
configure:4352: gcc -c -g -O2  conftest.c >&5
configure:4352: $? = 0
configure:4352: result: yes
configure:4368: checking size of long
configure:4373: gcc -o conftest -g -O2   conftest.c  >&5
configure:4373: $? = 0
configure:4373: ./conftest
configure:4373: $? = 0
configure:4387: result: 4
configure:4400: checking for gdk-pixbuf-csource
configure:4418: found /usr/bin/gdk-pixbuf-csource
configure:4430: result: /usr/bin/gdk-pixbuf-csource
configure:4504: checking for pkg-config
configure:4522: found /usr/bin/pkg-config
configure:4534: result: /usr/bin/pkg-config
configure:4559: checking pkg-config is at least version 0.16
configure:4562: result: yes
configure:4675: checking for GSETTINGS
configure:4682: $PKG_CONFIG --exists --print-errors "gio-2.0 >= 2.25.0"
configure:4685: $? = 0
configure:4698: $PKG_CONFIG --exists --print-errors "gio-2.0 >= 2.25.0"
configure:4701: $? = 0
configure:4738: result: yes
configure:4981: checking for GTK3
configure:4988: $PKG_CONFIG --exists --print-errors "gtk+-3.0 >=  3.00.0"
configure:4991: $? = 0
configure:5004: $PKG_CONFIG --exists --print-errors "gtk+-3.0 >=  3.00.0"
configure:5007: $? = 0
configure:5044: result: yes
configure:5049: USING GTK3
configure:5053: checking for gtk_init in -lgtk-x11-3.0
configure:5078: gcc -o conftest -g -O2   conftest.c -lgtk-x11-3.0   >&5
/usr/bin/ld: cannot find -lgtk-x11-3.0
collect2: ld returned 1 exit status
configure:5078: $? = 1
configure: failed program was:
| /* confdefs.h */
| #define PACKAGE_NAME "rchip"
| #define PACKAGE_TARNAME "rchip"
| #define PACKAGE_VERSION "0.1.5.0"
| #define PACKAGE_STRING "rchip 0.1.5.0"
| #define PACKAGE_BUGREPORT "kevin@nosideracing.com"
| #define PACKAGE_URL ""
| #define PACKAGE "rchip"
| #define VERSION "0.1.5.0"
| #define STDC_HEADERS 1
| #define HAVE_SYS_TYPES_H 1
| #define HAVE_SYS_STAT_H 1
| #define HAVE_STDLIB_H 1
| #define HAVE_STRING_H 1
| #define HAVE_MEMORY_H 1
| #define HAVE_STRINGS_H 1
| #define HAVE_INTTYPES_H 1
| #define HAVE_STDINT_H 1
| #define HAVE_UNISTD_H 1
| #define SIZEOF_LONG 4
| /* end confdefs.h.  */
| 
| /* Override any GCC internal prototype to avoid an error.
|    Use char because int might match the return type of a GCC
|    builtin and then its argument prototype would still apply.  */
| #ifdef __cplusplus
| extern "C"
| #endif
| char gtk_init ();
| int
| main ()
| {
| return gtk_init ();
|   ;
|   return 0;
| }
configure:5087: result: no
configure:5220: checking for GLIB
configure:5227: $PKG_CONFIG --exists --print-errors "glib-2.0 >=  2.28.1"
configure:5230: $? = 0
configure:5243: $PKG_CONFIG --exists --print-errors "glib-2.0 >=  2.28.1"
configure:5246: $? = 0
configure:5283: result: yes
configure:5336: checking for DBUS
configure:5343: $PKG_CONFIG --exists --print-errors "dbus-glib-1 >= 0.70 dbus-1 >= 0.70"
configure:5346: $? = 0
configure:5359: $PKG_CONFIG --exists --print-errors "dbus-glib-1 >= 0.70 dbus-1 >= 0.70"
configure:5362: $? = 0
configure:5419: result: yes
configure:5426: checking for dbus_init in -ldbug-1
configure:5451: gcc -o conftest -g -O2   conftest.c -ldbug-1   >&5
/usr/bin/ld: cannot find -ldbug-1
collect2: ld returned 1 exit status
configure:5451: $? = 1
configure: failed program was:
| /* confdefs.h */
| #define PACKAGE_NAME "rchip"
| #define PACKAGE_TARNAME "rchip"
| #define PACKAGE_VERSION "0.1.5.0"
| #define PACKAGE_STRING "rchip 0.1.5.0"
| #define PACKAGE_BUGREPORT "kevin@nosideracing.com"
| #define PACKAGE_URL ""
| #define PACKAGE "rchip"
| #define VERSION "0.1.5.0"
| #define STDC_HEADERS 1
| #define HAVE_SYS_TYPES_H 1
| #define HAVE_SYS_STAT_H 1
| #define HAVE_STDLIB_H 1
| #define HAVE_STRING_H 1
| #define HAVE_MEMORY_H 1
| #define HAVE_STRINGS_H 1
| #define HAVE_INTTYPES_H 1
| #define HAVE_STDINT_H 1
| #define HAVE_UNISTD_H 1
| #define SIZEOF_LONG 4
| /* end confdefs.h.  */
| 
| /* Override any GCC internal prototype to avoid an error.
|    Use char because int might match the return type of a GCC
|    builtin and then its argument prototype would still apply.  */
| #ifdef __cplusplus
| extern "C"
| #endif
| char dbus_init ();
| int
| main ()
| {
| return dbus_init ();
|   ;
|   return 0;
| }
configure:5460: result: no
configure:5473: checking for LIBXML2
configure:5480: $PKG_CONFIG --exists --print-errors "libxml-2.0 >= $LIBXML2_REQUIRED"
configure:5483: $? = 0
configure:5496: $PKG_CONFIG --exists --print-errors "libxml-2.0 >= $LIBXML2_REQUIRED"
configure:5499: $? = 0
configure:5556: result: yes
configure:5566: checking for GCONF
configure:5573: $PKG_CONFIG --exists --print-errors "gconf-2.0"
configure:5576: $? = 0
configure:5589: $PKG_CONFIG --exists --print-errors "gconf-2.0"
configure:5592: $? = 0
configure:5649: result: yes
configure:5656: checking for gconf_client_get_default in -lgconf-2.0
configure:5681: gcc -o conftest -g -O2   conftest.c -lgconf-2.0   >&5
/usr/bin/ld: cannot find -lgconf-2.0
collect2: ld returned 1 exit status
configure:5681: $? = 1
configure: failed program was:
| /* confdefs.h */
| #define PACKAGE_NAME "rchip"
| #define PACKAGE_TARNAME "rchip"
| #define PACKAGE_VERSION "0.1.5.0"
| #define PACKAGE_STRING "rchip 0.1.5.0"
| #define PACKAGE_BUGREPORT "kevin@nosideracing.com"
| #define PACKAGE_URL ""
| #define PACKAGE "rchip"
| #define VERSION "0.1.5.0"
| #define STDC_HEADERS 1
| #define HAVE_SYS_TYPES_H 1
| #define HAVE_SYS_STAT_H 1
| #define HAVE_STDLIB_H 1
| #define HAVE_STRING_H 1
| #define HAVE_MEMORY_H 1
| #define HAVE_STRINGS_H 1
| #define HAVE_INTTYPES_H 1
| #define HAVE_STDINT_H 1
| #define HAVE_UNISTD_H 1
| #define SIZEOF_LONG 4
| /* end confdefs.h.  */
| 
| /* Override any GCC internal prototype to avoid an error.
|    Use char because int might match the return type of a GCC
|    builtin and then its argument prototype would still apply.  */
| #ifdef __cplusplus
| extern "C"
| #endif
| char gconf_client_get_default ();
| int
| main ()
| {
| return gconf_client_get_default ();
|   ;
|   return 0;
| }
configure:5690: result: no
configure:5724: checking for MySQL CFLAGS
configure:5726: result: -I/usr/include/mysql  -DBIG_JOINS=1  -fno-strict-aliasing   -DUNIV_LINUX -DUNIV_LINUX
configure:5728: checking for MySQL includes
configure:5730: result: -I/usr/include/mysql
configure:5732: checking for MySQL libraries
configure:5734: result: -Wl,-Bsymbolic-functions -rdynamic -L/usr/lib/mysql -lmysqlclient_r
configure:5792: checking for rhythmbox
configure:5808: found /usr/bin/rhythmbox
configure:5820: result: true
configure:5830: checking for banshee
configure:5846: found /usr/bin/banshee
configure:5858: result: true
configure:5902: checking for stdlib.h
configure:5902: result: yes
configure:5902: checking for string.h
configure:5902: result: yes
configure:5914: checking for size_t
configure:5914: gcc -c -g -O2  conftest.c >&5
configure:5914: $? = 0
configure:5914: gcc -c -g -O2  conftest.c >&5
conftest.c: In function 'main':
conftest.c:65:21: error: expected expression before ')' token
configure:5914: $? = 1
configure: failed program was:
| /* confdefs.h */
| #define PACKAGE_NAME "rchip"
| #define PACKAGE_TARNAME "rchip"
| #define PACKAGE_VERSION "0.1.5.0"
| #define PACKAGE_STRING "rchip 0.1.5.0"
| #define PACKAGE_BUGREPORT "kevin@nosideracing.com"
| #define PACKAGE_URL ""
| #define PACKAGE "rchip"
| #define VERSION "0.1.5.0"
| #define STDC_HEADERS 1
| #define HAVE_SYS_TYPES_H 1
| #define HAVE_SYS_STAT_H 1
| #define HAVE_STDLIB_H 1
| #define HAVE_STRING_H 1
| #define HAVE_MEMORY_H 1
| #define HAVE_STRINGS_H 1
| #define HAVE_INTTYPES_H 1
| #define HAVE_STDINT_H 1
| #define HAVE_UNISTD_H 1
| #define SIZEOF_LONG 4
| #define _SQL /**/
| #define VERBOSE 0
| #define COMPILE_YEAR 2011
| #define PROGRAMMERS_NAME "Kevin Anthony"
| #define BANSHEE /**/
| #define HAVE_STDLIB_H 1
| #define HAVE_STRING_H 1
| /* end confdefs.h.  */
| #include <stdio.h>
| #ifdef HAVE_SYS_TYPES_H
| # include <sys/types.h>
| #endif
| #ifdef HAVE_SYS_STAT_H
| # include <sys/stat.h>
| #endif
| #ifdef STDC_HEADERS
| # include <stdlib.h>
| # include <stddef.h>
| #else
| # ifdef HAVE_STDLIB_H
| #  include <stdlib.h>
| # endif
| #endif
| #ifdef HAVE_STRING_H
| # if !defined STDC_HEADERS && defined HAVE_MEMORY_H
| #  include <memory.h>
| # endif
| # include <string.h>
| #endif
| #ifdef HAVE_STRINGS_H
| # include <strings.h>
| #endif
| #ifdef HAVE_INTTYPES_H
| # include <inttypes.h>
| #endif
| #ifdef HAVE_STDINT_H
| # include <stdint.h>
| #endif
| #ifdef HAVE_UNISTD_H
| # include <unistd.h>
| #endif
| int
| main ()
| {
| if (sizeof ((size_t)))
| 	    return 0;
|   ;
|   return 0;
| }
configure:5914: result: yes
configure:5925: checking for stdbool.h that conforms to C99
configure:6010: gcc -c -g -O2  conftest.c >&5
configure:6010: $? = 0
configure:6017: result: yes
configure:6019: checking for _Bool
configure:6019: gcc -c -g -O2  conftest.c >&5
configure:6019: $? = 0
configure:6019: gcc -c -g -O2  conftest.c >&5
conftest.c: In function 'main':
conftest.c:65:20: error: expected expression before ')' token
configure:6019: $? = 1
configure: failed program was:
| /* confdefs.h */
| #define PACKAGE_NAME "rchip"
| #define PACKAGE_TARNAME "rchip"
| #define PACKAGE_VERSION "0.1.5.0"
| #define PACKAGE_STRING "rchip 0.1.5.0"
| #define PACKAGE_BUGREPORT "kevin@nosideracing.com"
| #define PACKAGE_URL ""
| #define PACKAGE "rchip"
| #define VERSION "0.1.5.0"
| #define STDC_HEADERS 1
| #define HAVE_SYS_TYPES_H 1
| #define HAVE_SYS_STAT_H 1
| #define HAVE_STDLIB_H 1
| #define HAVE_STRING_H 1
| #define HAVE_MEMORY_H 1
| #define HAVE_STRINGS_H 1
| #define HAVE_INTTYPES_H 1
| #define HAVE_STDINT_H 1
| #define HAVE_UNISTD_H 1
| #define SIZEOF_LONG 4
| #define _SQL /**/
| #define VERBOSE 0
| #define COMPILE_YEAR 2011
| #define PROGRAMMERS_NAME "Kevin Anthony"
| #define BANSHEE /**/
| #define HAVE_STDLIB_H 1
| #define HAVE_STRING_H 1
| /* end confdefs.h.  */
| #include <stdio.h>
| #ifdef HAVE_SYS_TYPES_H
| # include <sys/types.h>
| #endif
| #ifdef HAVE_SYS_STAT_H
| # include <sys/stat.h>
| #endif
| #ifdef STDC_HEADERS
| # include <stdlib.h>
| # include <stddef.h>
| #else
| # ifdef HAVE_STDLIB_H
| #  include <stdlib.h>
| # endif
| #endif
| #ifdef HAVE_STRING_H
| # if !defined STDC_HEADERS && defined HAVE_MEMORY_H
| #  include <memory.h>
| # endif
| # include <string.h>
| #endif
| #ifdef HAVE_STRINGS_H
| # include <strings.h>
| #endif
| #ifdef HAVE_INTTYPES_H
| # include <inttypes.h>
| #endif
| #ifdef HAVE_STDINT_H
| # include <stdint.h>
| #endif
| #ifdef HAVE_UNISTD_H
| # include <unistd.h>
| #endif
| int
| main ()
| {
| if (sizeof ((_Bool)))
| 	    return 0;
|   ;
|   return 0;
| }
configure:6019: result: yes
configure:6039: checking for stdlib.h
configure:6039: result: yes
configure:6049: checking for GNU libc compatible malloc
configure:6073: gcc -o conftest -g -O2   conftest.c  >&5
configure:6073: $? = 0
configure:6073: ./conftest
configure:6073: $? = 0
configure:6083: result: yes
configure:6107: checking for strstr
configure:6107: gcc -o conftest -g -O2   conftest.c  >&5
conftest.c:56:6: warning: conflicting types for built-in function 'strstr'
configure:6107: $? = 0
configure:6107: result: yes
configure:6107: checking for uname
configure:6107: gcc -o conftest -g -O2   conftest.c  >&5
configure:6107: $? = 0
configure:6107: result: yes
configure:6238: creating ./config.status

## ---------------------- ##
## Running config.status. ##
## ---------------------- ##

This file was extended by rchip config.status 0.1.5.0, which was
generated by GNU Autoconf 2.67.  Invocation command line was

  CONFIG_FILES    = 
  CONFIG_HEADERS  = 
  CONFIG_LINKS    = 
  CONFIG_COMMANDS = 
  $ ./config.status 

on Tomoya

config.status:961: creating Makefile
config.status:961: creating src/Makefile
config.status:961: creating data/Makefile
config.status:961: creating data/icons/Makefile
config.status:961: creating data/icons/hicolor/Makefile
config.status:961: creating data/icons/hicolor/16x16/Makefile
config.status:961: creating data/icons/hicolor/16x16/apps/Makefile
config.status:961: creating data/icons/hicolor/22x22/Makefile
config.status:961: creating data/icons/hicolor/22x22/apps/Makefile
config.status:961: creating data/icons/hicolor/24x24/Makefile
config.status:961: creating data/icons/hicolor/24x24/apps/Makefile
config.status:961: creating data/icons/hicolor/32x32/Makefile
config.status:961: creating data/icons/hicolor/32x32/apps/Makefile
config.status:961: creating data/icons/hicolor/48x48/Makefile
config.status:961: creating data/icons/hicolor/48x48/apps/Makefile
config.status:961: creating data/icons/hicolor/256x256/Makefile
config.status:961: creating data/icons/hicolor/256x256/apps/Makefile
config.status:961: creating data/icons/hicolor/scalable/Makefile
config.status:961: creating data/icons/hicolor/scalable/apps/Makefile
config.status:961: creating data/icons/src/Makefile
config.status:961: creating config.h
config.status:1189: executing depfiles commands

## ---------------- ##
## Cache variables. ##
## ---------------- ##

ac_cv_c_compiler_gnu=yes
ac_cv_env_CC_set=
ac_cv_env_CC_value=
ac_cv_env_CFLAGS_set=
ac_cv_env_CFLAGS_value=
ac_cv_env_CPPFLAGS_set=
ac_cv_env_CPPFLAGS_value=
ac_cv_env_CPP_set=
ac_cv_env_CPP_value=
ac_cv_env_DBUS_CFLAGS_set=
ac_cv_env_DBUS_CFLAGS_value=
ac_cv_env_DBUS_LIBS_set=
ac_cv_env_DBUS_LIBS_value=
ac_cv_env_GCONF_CFLAGS_set=
ac_cv_env_GCONF_CFLAGS_value=
ac_cv_env_GCONF_LIBS_set=
ac_cv_env_GCONF_LIBS_value=
ac_cv_env_GLIB_CFLAGS_set=
ac_cv_env_GLIB_CFLAGS_value=
ac_cv_env_GLIB_LIBS_set=
ac_cv_env_GLIB_LIBS_value=
ac_cv_env_GSETTINGS_CFLAGS_set=
ac_cv_env_GSETTINGS_CFLAGS_value=
ac_cv_env_GSETTINGS_LIBS_set=
ac_cv_env_GSETTINGS_LIBS_value=
ac_cv_env_GTK2_CFLAGS_set=
ac_cv_env_GTK2_CFLAGS_value=
ac_cv_env_GTK2_LIBS_set=
ac_cv_env_GTK2_LIBS_value=
ac_cv_env_GTK3_CFLAGS_set=
ac_cv_env_GTK3_CFLAGS_value=
ac_cv_env_GTK3_LIBS_set=
ac_cv_env_GTK3_LIBS_value=
ac_cv_env_LDFLAGS_set=
ac_cv_env_LDFLAGS_value=
ac_cv_env_LIBS_set=
ac_cv_env_LIBS_value=
ac_cv_env_LIBXML2_CFLAGS_set=
ac_cv_env_LIBXML2_CFLAGS_value=
ac_cv_env_LIBXML2_LIBS_set=
ac_cv_env_LIBXML2_LIBS_value=
ac_cv_env_PKG_CONFIG_LIBDIR_set=
ac_cv_env_PKG_CONFIG_LIBDIR_value=
ac_cv_env_PKG_CONFIG_PATH_set=
ac_cv_env_PKG_CONFIG_PATH_value=
ac_cv_env_PKG_CONFIG_set=
ac_cv_env_PKG_CONFIG_value=
ac_cv_env_build_alias_set=
ac_cv_env_build_alias_value=
ac_cv_env_host_alias_set=
ac_cv_env_host_alias_value=
ac_cv_env_target_alias_set=
ac_cv_env_target_alias_value=
ac_cv_func_malloc_0_nonnull=yes
ac_cv_func_strstr=yes
ac_cv_func_uname=yes
ac_cv_header_inttypes_h=yes
ac_cv_header_memory_h=yes
ac_cv_header_stdbool_h=yes
ac_cv_header_stdc=yes
ac_cv_header_stdint_h=yes
ac_cv_header_stdlib_h=yes
ac_cv_header_string_h=yes
ac_cv_header_strings_h=yes
ac_cv_header_sys_stat_h=yes
ac_cv_header_sys_types_h=yes
ac_cv_header_unistd_h=yes
ac_cv_lib_dbug_1_dbus_init=no
ac_cv_lib_gconf_2_0_gconf_client_get_default=no
ac_cv_lib_gtk_x11_3_0_gtk_init=no
ac_cv_objext=o
ac_cv_path_EGREP='/bin/grep -E'
ac_cv_path_GDK_PIXBUF_CSOURCE=/usr/bin/gdk-pixbuf-csource
ac_cv_path_GREP=/bin/grep
ac_cv_path_ac_pt_PKG_CONFIG=/usr/bin/pkg-config
ac_cv_path_install='/usr/bin/install -c'
ac_cv_path_mkdir=/bin/mkdir
ac_cv_prog_AWK=gawk
ac_cv_prog_CPP='gcc -E'
ac_cv_prog_HAVE_BANSHEE=true
ac_cv_prog_HAVE_RHYTHMBOX=true
ac_cv_prog_ac_ct_CC=gcc
ac_cv_prog_cc_c89=
ac_cv_prog_cc_g=yes
ac_cv_prog_make_make_set=yes
ac_cv_search_strerror='none required'
ac_cv_sizeof_long=4
ac_cv_type__Bool=yes
ac_cv_type_size_t=yes
am_cv_CC_dependencies_compiler_type=gcc3
pkg_cv_DBUS_CFLAGS='-pthread -I/usr/include/dbus-1.0 -I/usr/lib/dbus-1.0/include -I/usr/include/glib-2.0 -I/usr/lib/glib-2.0/include  '
pkg_cv_DBUS_LIBS='-pthread -L//lib -ldbus-glib-1 -lgobject-2.0 -lgthread-2.0 -lglib-2.0 -ldbus-1 -lpthread -lrt  '
pkg_cv_GCONF_CFLAGS='-DORBIT2=1 -pthread -I/usr/include/gconf/2 -I/usr/include/orbit-2.0 -I/usr/include/glib-2.0 -I/usr/lib/glib-2.0/include  '
pkg_cv_GCONF_LIBS='-lgconf-2 -lglib-2.0  '
pkg_cv_GLIB_CFLAGS='-I/usr/include/glib-2.0 -I/usr/lib/glib-2.0/include  '
pkg_cv_GLIB_LIBS='-lglib-2.0  '
pkg_cv_GSETTINGS_CFLAGS='-pthread -I/usr/include/glib-2.0 -I/usr/lib/glib-2.0/include  '
pkg_cv_GSETTINGS_LIBS='-pthread -lgio-2.0 -lgobject-2.0 -lgmodule-2.0 -lgthread-2.0 -lrt -lglib-2.0  '
pkg_cv_GTK3_CFLAGS='-DGSEAL_ENABLE -pthread -I/usr/include/gtk-3.0 -I/usr/include/atk-1.0 -I/usr/include/cairo -I/usr/include/gdk-pixbuf-2.0 -I/usr/include/pango-1.0 -I/usr/include/gio-unix-2.0/ -I/usr/include/glib-2.0 -I/usr/lib/glib-2.0/include -I/usr/include/pixman-1 -I/usr/include/freetype2 -I/usr/include/libpng12 -I/usr/include/libdrm  '
pkg_cv_GTK3_LIBS='-pthread -lgtk-3 -lgdk-3 -latk-1.0 -lcairo-gobject -lgio-2.0 -lpangoft2-1.0 -lpangocairo-1.0 -lgdk_pixbuf-2.0 -lm -lcairo -lpango-1.0 -lfreetype -lfontconfig -lgobject-2.0 -lgmodule-2.0 -lgthread-2.0 -lrt -lglib-2.0  '
pkg_cv_LIBXML2_CFLAGS='-I/usr/include/libxml2  '
pkg_cv_LIBXML2_LIBS='-lxml2  '

## ----------------- ##
## Output variables. ##
## ----------------- ##










		$(INSTALL_DATA) $^ "$(DESTDIR)$(gsettingsschemadir)"; \
		test -n "$(GSETTINGS_DISABLE_SCHEMAS_COMPILE)$(DESTDIR)" || $(GLIB_COMPILE_SCHEMAS) $(gsettingsschemadir); \
		test -z "$(gsettingsschemadir)" || $(MKDIR_P) "$(DESTDIR)$(gsettingsschemadir)"; \
	$(AM_V_GEN) glib-mkenums --comments '\''<!-- @comment@ -->'\'' --fhead "<schemalist>" --vhead "  <@type@ id='\''$(gsettings_ENUM_NAMESPACE).@EnumName@'\''>" --vprod "    <value nick='\''@valuenick@'\'' value='\''@valuenum@'\''/>" --vtail "  </@type@>" --ftail "</schemalist>" $^ > $@.tmp && mv $@.tmp $@
	$(AM_V_GEN) if test -f "$<"; then d=; else d="$(srcdir)/"; fi; $(GLIB_COMPILE_SCHEMAS) --strict --dry-run $(addprefix --schema-file=,$(gsettings__enum_file)) --schema-file=$${d}$< && touch $@
	@$(NORMAL_INSTALL)
	@$(NORMAL_UNINSTALL)
	@list='\''$(gsettings_SCHEMAS) $(gsettings__enum_file)'\''; test -n "$(gsettingsschemadir)" || list=; \
	cd "$(DESTDIR)$(gsettingsschemadir)" && rm -f $$files
	echo " ( cd '\''$(DESTDIR)$(gsettingsschemadir)'\'' && rm -f" $$files ")"; \
	fi
	files=`for p in $$list; do echo $$p; done | sed -e '\''s|^.*/||'\''`; \
	if test -n "$^"; then \
	rm -f $(gsettings_SCHEMAS:.xml=.valid) $(gsettings__enum_file)
	test -n "$$files" || exit 0; \
	test -n "$(GSETTINGS_DISABLE_SCHEMAS_COMPILE)$(DESTDIR)" || $(GLIB_COMPILE_SCHEMAS) $(gsettingsschemadir)
$(gsettings__enum_file): $(gsettings_ENUM_FILES)
%.gschema.valid: %.gschema.xml $(gsettings__enum_file)
.PHONY : uninstall-gsettings-schemas install-gsettings-schemas clean-gsettings-schemas
.SECONDARY: $(gsettings_SCHEMAS)
ACLOCAL='${SHELL} /home/gigaroc/code/rchip/missing --run aclocal-1.11'
AMDEPBACKSLASH='\'
AMDEP_FALSE='#'
AMDEP_TRUE=''
AMTAR='${SHELL} /home/gigaroc/code/rchip/missing --run tar'
AUTOCONF='${SHELL} /home/gigaroc/code/rchip/missing --run autoconf'
AUTOHEADER='${SHELL} /home/gigaroc/code/rchip/missing --run autoheader'
AUTOMAKE='${SHELL} /home/gigaroc/code/rchip/missing --run automake-1.11'
AWK='gawk'
CC='gcc'
CCDEPMODE='depmode=gcc3'
CFLAGS='-g -O2'
CPP='gcc -E'
CPPFLAGS=''
CYGPATH_W='echo'
DBUS_CFLAGS='-pthread -I/usr/include/dbus-1.0 -I/usr/lib/dbus-1.0/include -I/usr/include/glib-2.0 -I/usr/lib/glib-2.0/include  '
DBUS_LIBS='-pthread -L//lib -ldbus-glib-1 -lgobject-2.0 -lgthread-2.0 -lglib-2.0 -ldbus-1 -lpthread -lrt  '
DEFS='-DHAVE_CONFIG_H'
DEPDIR='.deps'
ECHO_C=''
ECHO_N='-n'
ECHO_T=''
EGREP='/bin/grep -E'
EXEEXT=''
GCONF_CFLAGS='-DORBIT2=1 -pthread -I/usr/include/gconf/2 -I/usr/include/orbit-2.0 -I/usr/include/glib-2.0 -I/usr/lib/glib-2.0/include  '
GCONF_LIBS='-lgconf-2 -lglib-2.0  '
GDK_PIXBUF_CSOURCE='/usr/bin/gdk-pixbuf-csource'
GLIB_CFLAGS='-I/usr/include/glib-2.0 -I/usr/lib/glib-2.0/include  '
GLIB_COMPILE_SCHEMAS='/usr/bin/glib-compile-schemas'
GLIB_LIBS='-lglib-2.0  '
GREP='/bin/grep'
GSETTINGS_CFLAGS='-pthread -I/usr/include/glib-2.0 -I/usr/lib/glib-2.0/include  '
GSETTINGS_DISABLE_SCHEMAS_COMPILE=''
GSETTINGS_LIBS='-pthread -lgio-2.0 -lgobject-2.0 -lgmodule-2.0 -lgthread-2.0 -lrt -lglib-2.0  '
GSETTINGS_RULES='
GTK2_CFLAGS=''
GTK2_LIBS=''
GTK3_CFLAGS='-DGSEAL_ENABLE -pthread -I/usr/include/gtk-3.0 -I/usr/include/atk-1.0 -I/usr/include/cairo -I/usr/include/gdk-pixbuf-2.0 -I/usr/include/pango-1.0 -I/usr/include/gio-unix-2.0/ -I/usr/include/glib-2.0 -I/usr/lib/glib-2.0/include -I/usr/include/pixman-1 -I/usr/include/freetype2 -I/usr/include/libpng12 -I/usr/include/libdrm  '
GTK3_LIBS='-pthread -lgtk-3 -lgdk-3 -latk-1.0 -lcairo-gobject -lgio-2.0 -lpangoft2-1.0 -lpangocairo-1.0 -lgdk_pixbuf-2.0 -lm -lcairo -lpango-1.0 -lfreetype -lfontconfig -lgobject-2.0 -lgmodule-2.0 -lgthread-2.0 -lrt -lglib-2.0  '
HAVE_BANSHEE='true'
HAVE_RHYTHMBOX='true'
INSTALL_DATA='${INSTALL} -m 644'
INSTALL_PROGRAM='${INSTALL}'
INSTALL_SCRIPT='${INSTALL}'
INSTALL_STRIP_PROGRAM='$(install_sh) -c -s'
LDFLAGS=''
LIBOBJS=''
LIBS=''
LIBXML2_CFLAGS='-I/usr/include/libxml2  '
LIBXML2_LIBS='-lxml2  '
LTLIBOBJS=''
MAKEINFO='${SHELL} /home/gigaroc/code/rchip/missing --run makeinfo'
MKDIR_P='/bin/mkdir -p'
MYSQL_CFLAGS='-I/usr/include/mysql  -DBIG_JOINS=1  -fno-strict-aliasing   -DUNIV_LINUX -DUNIV_LINUX'
MYSQL_INCLUDES='-I/usr/include/mysql'
MYSQL_LIBS='-Wl,-Bsymbolic-functions -rdynamic -L/usr/lib/mysql -lmysqlclient_r'
OBJEXT='o'
PACKAGE='rchip'
PACKAGE_BUGREPORT='kevin@nosideracing.com'
PACKAGE_NAME='rchip'
PACKAGE_STRING='rchip 0.1.5.0'
PACKAGE_TARNAME='rchip'
PACKAGE_URL=''
PACKAGE_VERSION='0.1.5.0'
PATH_SEPARATOR=':'
PKG_CONFIG='/usr/bin/pkg-config'
PKG_CONFIG_LIBDIR=''
PKG_CONFIG_PATH=''
SET_MAKE=''
SHELL='/bin/bash'
STRIP=''
VERSION='0.1.5.0'
ac_ct_CC='gcc'
all-am: $(gsettings_SCHEMAS:.xml=.valid)
am__EXEEXT_FALSE=''
am__EXEEXT_TRUE='#'
am__fastdepCC_FALSE='#'
am__fastdepCC_TRUE=''
am__include='include'
am__isrc=''
am__leading_dot='.'
am__quote=''
am__tar='${AMTAR} chof - "$$tardir"'
am__untar='${AMTAR} xf -'
bindir='${exec_prefix}/bin'
build_alias=''
clean-gsettings-schemas:
datadir='${datarootdir}'
datarootdir='${prefix}/share'
docdir='${datarootdir}/doc/${PACKAGE_TARNAME}'
dvidir='${docdir}'
endif'
exec_prefix='${prefix}'
gsettings__enum_file = $(addsuffix .enums.xml,$(gsettings_ENUM_NAMESPACE))
gsettingsschemadir='${datarootdir}/glib-2.0/schemas'
host_alias=''
htmldir='${docdir}'
ifdef gsettings_ENUM_NAMESPACE
includedir='${prefix}/include'
infodir='${datarootdir}/info'
install-data-am: install-gsettings-schemas
install-gsettings-schemas: $(gsettings_SCHEMAS) $(gsettings__enum_file)
install_sh='${SHELL} /home/gigaroc/code/rchip/install-sh'
libdir='${exec_prefix}/lib'
libexecdir='${exec_prefix}/libexec'
localedir='${datarootdir}/locale'
localstatedir='${prefix}/var'
mandir='${datarootdir}/man'
mkdir_p='/bin/mkdir -p'
mostlyclean-am: clean-gsettings-schemas
oldincludedir='/usr/include'
pdfdir='${docdir}'
prefix='/usr/local'
program_transform_name='s,x,x,'
psdir='${docdir}'
sbindir='${exec_prefix}/sbin'
sharedstatedir='${prefix}/com'
sysconfdir='${prefix}/etc'
target_alias=''
uninstall-am: uninstall-gsettings-schemas
uninstall-gsettings-schemas:

## ----------- ##
## confdefs.h. ##
## ----------- ##

/* confdefs.h */
#define PACKAGE_NAME "rchip"
#define PACKAGE_TARNAME "rchip"
#define PACKAGE_VERSION "0.1.5.0"
#define PACKAGE_STRING "rchip 0.1.5.0"
#define PACKAGE_BUGREPORT "kevin@nosideracing.com"
#define PACKAGE_URL ""
#define PACKAGE "rchip"
#define VERSION "0.1.5.0"
#define STDC_HEADERS 1
#define HAVE_SYS_TYPES_H 1
#define HAVE_SYS_STAT_H 1
#define HAVE_STDLIB_H 1
#define HAVE_STRING_H 1
#define HAVE_MEMORY_H 1
#define HAVE_STRINGS_H 1
#define HAVE_INTTYPES_H 1
#define HAVE_STDINT_H 1
#define HAVE_UNISTD_H 1
#define SIZEOF_LONG 4
#define _SQL /**/
#define VERBOSE 0
#define COMPILE_YEAR 2011
#define PROGRAMMERS_NAME "Kevin Anthony"
#define BANSHEE /**/
#define HAVE_STDLIB_H 1
#define HAVE_STRING_H 1
#define HAVE__BOOL 1
#define HAVE_STDBOOL_H 1
#define HAVE_STDLIB_H 1
#define HAVE_MALLOC 1
#define HAVE_STRSTR 1
#define HAVE_UNAME 1

configure: exit 0
